\BOOKMARK [1][-]{section.1}{Introduction}{}% 1
\BOOKMARK [2][-]{subsection.1.1}{CDS, CDD and Synthetic CDO}{section.1}% 2
\BOOKMARK [2][-]{subsection.1.2}{Machine Learning for pricing \205 Gaussian Process Regression}{section.1}% 3
\BOOKMARK [1][-]{section.2}{Gaussian Process}{}% 4
\BOOKMARK [2][-]{subsection.2.1}{Introduction to Gaussian Process}{section.2}% 5
\BOOKMARK [2][-]{subsection.2.2}{Gaussian Process Regression}{section.2}% 6
\BOOKMARK [3][-]{subsubsection.2.2.1}{Weight-space View}{subsection.2.2}% 7
\BOOKMARK [3][-]{subsubsection.2.2.2}{Function-space View}{subsection.2.2}% 8
\BOOKMARK [2][-]{subsection.2.3}{Predicition from Gaussian Process Regression}{section.2}% 9
\BOOKMARK [1][-]{section.3}{Model Selection}{}% 10
\BOOKMARK [2][-]{subsection.3.1}{Marginal Likelihood of the training data}{section.3}% 11
\BOOKMARK [2][-]{subsection.3.2}{Covariance Matrix and Kernel functions}{section.3}% 12
\BOOKMARK [3][-]{subsubsection.3.2.1}{Several Common Kernel functions}{subsection.3.2}% 13
\BOOKMARK [3][-]{subsubsection.3.2.2}{Optimizing Kernel Parameters}{subsection.3.2}% 14
\BOOKMARK [3][-]{subsubsection.3.2.3}{Numerical Results of Different Kernels}{subsection.3.2}% 15
\BOOKMARK [3][-]{subsubsection.3.2.4}{Automatic Relevance Determination}{subsection.3.2}% 16
\BOOKMARK [2][-]{subsection.3.3}{Training Methods}{section.3}% 17
\BOOKMARK [3][-]{subsubsection.3.3.1}{Maximum Likelihood\(ML\)}{subsection.3.3}% 18
\BOOKMARK [3][-]{subsubsection.3.3.2}{LOO-CV Based Objective Functions}{subsection.3.3}% 19
\BOOKMARK [3][-]{subsubsection.3.3.3}{Numerical Results}{subsection.3.3}% 20
\BOOKMARK [1][-]{section.4}{Data Analysis}{}% 21
\BOOKMARK [2][-]{subsection.4.1}{Data Description}{section.4}% 22
\BOOKMARK [2][-]{subsection.4.2}{Dimension Reduction}{section.4}% 23
\BOOKMARK [3][-]{subsubsection.4.2.1}{Principal Component Analysis}{subsection.4.2}% 24
\BOOKMARK [3][-]{subsubsection.4.2.2}{Autoencoder}{subsection.4.2}% 25
\BOOKMARK [2][-]{subsection.4.3}{Numerical Results}{section.4}% 26
\BOOKMARK [1][-]{section.5}{Conclusion, Discussion and Further Study}{}% 27
